This file contains any messages produced by compilers while
running configure, to aid debugging if configure makes a mistake.

configure:554: checking for a BSD compatible install
configure:607: checking whether build environment is sane
configure:664: checking whether make sets ${MAKE}
configure:710: checking for working aclocal
configure:723: checking for working autoconf
configure:736: checking for working automake
configure:749: checking for working autoheader
configure:762: checking for working makeinfo
configure:780: checking for gcc
configure:857: checking whether the C compiler (gcc  ) works
configure:871: gcc -o conftest    conftest.c  1>&5
configure:891: checking whether the C compiler (gcc  ) is a cross-compiler
configure:896: checking whether we are using GNU C
configure:905: gcc -E conftest.c
configure:920: checking whether gcc accepts -g
configure:952: checking for c++
configure:983: checking whether the C++ compiler (c++  ) works
configure:997: c++ -o conftest    conftest.C  1>&5
configure:1023: checking whether the C++ compiler (c++  ) is a cross-compiler
configure:1028: checking whether we are using GNU C++
configure:1037: c++ -E conftest.C
configure:1052: checking whether c++ accepts -g
configure:1080: checking whether ln -s works
configure:1111: checking for a BSD compatible install
configure:1163: checking for ranlib
configure:1191: checking for main in -lm
configure:1206: gcc -o conftest -g -O2   conftest.c -lm   1>&5
configure:1235: checking for main in -lpthread
configure:1250: gcc -o conftest -g -O2   conftest.c -lpthread  -lm  1>&5
configure:1271: checking for main in -lncurses
configure:1286: gcc -o conftest -g -O2   conftest.c -lncurses  -lm  1>&5
configure:1307: checking for main in -lcurses
configure:1322: gcc -o conftest -g -O2   conftest.c -lcurses  -lm  1>&5
configure:1343: checking for main in -lossaudio
configure:1358: gcc -o conftest -g -O2   conftest.c -lossaudio  -lm  1>&5
ld: cannot open -lossaudio: No such file or directory
configure: failed program was:
#line 1351 "configure"
#include "confdefs.h"

int main() {
main()
; return 0; }
configure:1387: checking how to run the C preprocessor
configure:1408: gcc -E  conftest.c >/dev/null 2>conftest.out
configure:1448: checking for ANSI C header files
configure:1461: gcc -E  conftest.c >/dev/null 2>conftest.out
configure:1528: gcc -o conftest -g -O2   conftest.c -lm  1>&5
configure:1555: checking for fcntl.h
configure:1565: gcc -E  conftest.c >/dev/null 2>conftest.out
configure:1555: checking for malloc.h
configure:1565: gcc -E  conftest.c >/dev/null 2>conftest.out
configure:1555: checking for sys/ioctl.h
configure:1565: gcc -E  conftest.c >/dev/null 2>conftest.out
configure:1555: checking for unistd.h
configure:1565: gcc -E  conftest.c >/dev/null 2>conftest.out
configure:1555: checking for errno.h
configure:1565: gcc -E  conftest.c >/dev/null 2>conftest.out
configure:1595: checking for bool.h
configure:1605: gcc -E  conftest.c >/dev/null 2>conftest.out
configure:1601: bool.h: No such file or directory
configure: failed program was:
#line 1600 "configure"
#include "confdefs.h"
#include <bool.h>
configure:1635: checking for pthread.h
configure:1645: gcc -E  conftest.c >/dev/null 2>conftest.out
configure:1635: checking for pthread/mit/pthread.h
configure:1645: gcc -E  conftest.c >/dev/null 2>conftest.out
configure:1641: pthread/mit/pthread.h: No such file or directory
configure: failed program was:
#line 1640 "configure"
#include "confdefs.h"
#include <pthread/mit/pthread.h>
configure:1675: checking for ncurses/ncurses.h
configure:1685: gcc -E  conftest.c >/dev/null 2>conftest.out
configure:1681: ncurses/ncurses.h: No such file or directory
configure: failed program was:
#line 1680 "configure"
#include "confdefs.h"
#include <ncurses/ncurses.h>
configure:1675: checking for ncurses/curses.h
configure:1685: gcc -E  conftest.c >/dev/null 2>conftest.out
configure:1681: ncurses/curses.h: No such file or directory
configure: failed program was:
#line 1680 "configure"
#include "confdefs.h"
#include <ncurses/curses.h>
configure:1675: checking for ncurses.h
configure:1685: gcc -E  conftest.c >/dev/null 2>conftest.out
configure:1675: checking for curses.h
configure:1685: gcc -E  conftest.c >/dev/null 2>conftest.out
configure:1715: checking for sys/soundcard.h
configure:1725: gcc -E  conftest.c >/dev/null 2>conftest.out
configure:1715: checking for machine/soundcard.h
configure:1725: gcc -E  conftest.c >/dev/null 2>conftest.out
configure:1721: machine/soundcard.h: No such file or directory
configure: failed program was:
#line 1720 "configure"
#include "confdefs.h"
#include <machine/soundcard.h>
configure:1715: checking for soundcard.h
configure:1725: gcc -E  conftest.c >/dev/null 2>conftest.out
configure:1721: soundcard.h: No such file or directory
configure: failed program was:
#line 1720 "configure"
#include "confdefs.h"
#include <soundcard.h>
configure:1715: checking for getopt.h
configure:1725: gcc -E  conftest.c >/dev/null 2>conftest.out
configure:1765: checking for working const
configure:1819: gcc -c -g -O2  conftest.c 1>&5
configure:1840: checking whether byte ordering is bigendian
configure:1858: gcc -c -g -O2  conftest.c 1>&5
configure:1873: gcc -c -g -O2  conftest.c 1>&5
configure: In function `main':
configure:1868: `not' undeclared (first use in this function)
configure:1868: (Each undeclared identifier is reported only once
configure:1868: for each function it appears in.)
configure:1868: parse error before `big'
configure: failed program was:
#line 1862 "configure"
#include "confdefs.h"
#include <sys/types.h>
#include <sys/param.h>
int main() {

#if BYTE_ORDER != BIG_ENDIAN
 not big endian
#endif
; return 0; }
configure:1932: checking whether gcc needs -traditional
configure:1980: checking for strdup
configure:2008: gcc -o conftest -g -O2   conftest.c -lm  1>&5
configure:1980: checking for strstr
configure:2008: gcc -o conftest -g -O2   conftest.c -lm  1>&5
